[debug] [2024-10-17T13:17:30.247Z] ----------------------------------------------------------------------
[debug] [2024-10-17T13:17:30.251Z] Command:       C:\Program Files\nodejs\node.exe C:\Users\SERVIDOR\AppData\Roaming\npm\node_modules\firebase-tools\lib\bin\firebase.js init
[debug] [2024-10-17T13:17:30.251Z] CLI Version:   13.22.1
[debug] [2024-10-17T13:17:30.252Z] Platform:      win32
[debug] [2024-10-17T13:17:30.252Z] Node Version:  v20.18.0
[debug] [2024-10-17T13:17:30.252Z] Time:          Thu Oct 17 2024 10:17:30 GMT-0300 (Horário Padrão de Brasília)
[debug] [2024-10-17T13:17:30.252Z] ----------------------------------------------------------------------
[debug] 
[debug] [2024-10-17T13:17:30.263Z] > command requires scopes: ["email","openid","https://www.googleapis.com/auth/cloudplatformprojects.readonly","https://www.googleapis.com/auth/firebase","https://www.googleapis.com/auth/cloud-platform"]
[debug] [2024-10-17T13:17:30.264Z] > authorizing via signed-in user (tad-glawcksilva@ucpparana.edu.br)
[info] 
     ######## #### ########  ######## ########     ###     ######  ########
     ##        ##  ##     ## ##       ##     ##  ##   ##  ##       ##
     ######    ##  ########  ######   ########  #########  ######  ######
     ##        ##  ##    ##  ##       ##     ## ##     ##       ## ##
     ##       #### ##     ## ######## ########  ##     ##  ######  ########

You're about to initialize a Firebase project in this directory:

  C:\Users\SERVIDOR\Downloads\TrelloX-main

[info] 
=== Project Setup
[info] 
[info] First, let's associate this project directory with a Firebase project.
[info] You can create multiple project aliases by running firebase use --add, 
[info] but for now we'll just set up a default project.
[info] 
[debug] [2024-10-17T13:19:09.976Z] Checked if tokens are valid: true, expires at: 1729174632552
[debug] [2024-10-17T13:19:09.976Z] Checked if tokens are valid: true, expires at: 1729174632552
[debug] [2024-10-17T13:19:09.978Z] >>> [apiv2][query] GET https://firebase.googleapis.com/v1beta1/projects pageSize=100
[debug] [2024-10-17T13:19:11.813Z] <<< [apiv2][status] GET https://firebase.googleapis.com/v1beta1/projects 200
[debug] [2024-10-17T13:19:11.814Z] <<< [apiv2][body] GET https://firebase.googleapis.com/v1beta1/projects [omitted]
[info] i  Using project trabalhoagro-b2570 (trabalhoAgro) 
[info] 
=== Hosting Setup
[debug] [2024-10-17T13:20:37.435Z] Checked if tokens are valid: true, expires at: 1729174632552
[debug] [2024-10-17T13:20:37.435Z] Checked if tokens are valid: true, expires at: 1729174632552
[debug] [2024-10-17T13:20:37.436Z] >>> [apiv2][query] GET https://firebase.googleapis.com/v1beta1/projects/trabalhoagro-b2570 [none]
[debug] [2024-10-17T13:20:37.906Z] <<< [apiv2][status] GET https://firebase.googleapis.com/v1beta1/projects/trabalhoagro-b2570 403
[debug] [2024-10-17T13:20:37.906Z] <<< [apiv2][body] GET https://firebase.googleapis.com/v1beta1/projects/trabalhoagro-b2570 {"error":{"code":403,"message":"The caller does not have permission","status":"PERMISSION_DENIED"}}
[debug] [2024-10-17T13:20:37.906Z] HTTP Error: 403, The caller does not have permission
[debug] [2024-10-17T13:20:38.167Z] FirebaseError: HTTP Error: 403, The caller does not have permission
    at responseToError (C:\Users\SERVIDOR\AppData\Roaming\npm\node_modules\firebase-tools\lib\responseToError.js:49:12)
    at RetryOperation._fn (C:\Users\SERVIDOR\AppData\Roaming\npm\node_modules\firebase-tools\lib\apiv2.js:312:77)
    at process.processTicksAndRejections (node:internal/process/task_queues:95:5)
[error] 
[error] Error: Failed to get Firebase project trabalhoagro-b2570. Please make sure the project exists and your account has permission to access it.
[debug] [2024-10-17T13:20:50.401Z] ----------------------------------------------------------------------
[debug] [2024-10-17T13:20:50.405Z] Command:       C:\Program Files\nodejs\node.exe C:\Users\SERVIDOR\AppData\Roaming\npm\node_modules\firebase-tools\lib\bin\firebase.js init
[debug] [2024-10-17T13:20:50.406Z] CLI Version:   13.22.1
[debug] [2024-10-17T13:20:50.406Z] Platform:      win32
[debug] [2024-10-17T13:20:50.406Z] Node Version:  v20.18.0
[debug] [2024-10-17T13:20:50.406Z] Time:          Thu Oct 17 2024 10:20:50 GMT-0300 (Horário Padrão de Brasília)
[debug] [2024-10-17T13:20:50.406Z] ----------------------------------------------------------------------
[debug] 
[debug] [2024-10-17T13:20:50.418Z] > command requires scopes: ["email","openid","https://www.googleapis.com/auth/cloudplatformprojects.readonly","https://www.googleapis.com/auth/firebase","https://www.googleapis.com/auth/cloud-platform"]
[debug] [2024-10-17T13:20:50.419Z] > authorizing via signed-in user (tad-glawcksilva@ucpparana.edu.br)
[info] 
     ######## #### ########  ######## ########     ###     ######  ########
     ##        ##  ##     ## ##       ##     ##  ##   ##  ##       ##
     ######    ##  ########  ######   ########  #########  ######  ######
     ##        ##  ##    ##  ##       ##     ## ##     ##       ## ##
     ##       #### ##     ## ######## ########  ##     ##  ######  ########

You're about to initialize a Firebase project in this directory:

  C:\Users\SERVIDOR\Downloads\TrelloX-main

[info] 
=== Project Setup
[info] 
[info] First, let's associate this project directory with a Firebase project.
[info] You can create multiple project aliases by running firebase use --add, 
[info] but for now we'll just set up a default project.
[info] 
[info] i  If you want to create a project in a Google Cloud organization or folder, please use "firebase projects:create" instead, and return to this command when you've created the project. 
